<?xml version="1.0" encoding="UTF-8"?>
<testsuite xmlns:xsi="http://www.w3.org/2001/XMLSchema-instance" xsi:noNamespaceSchemaLocation="https://maven.apache.org/surefire/maven-surefire-plugin/xsd/surefire-test-report-3.0.xsd" version="3.0" name="com.fittracker.gateway.GatewayRouteTest" time="5.349" tests="4" errors="0" skipped="0" failures="0">
  <properties>
[...]
</properties>
  <testcase name="corsPreflightIsAllowed" classname="com.fittracker.gateway.GatewayRouteTest" time="0.67">
    <system-out><![CDATA[21:49:17.286 [main] INFO org.springframework.test.context.support.AnnotationConfigContextLoaderUtils -- Could not detect default configuration classes for test class [com.fittracker.gateway.GatewayRouteTest]: GatewayRouteTest does not declare any static, non-private, non-final, nested classes annotated with @Configuration.
21:49:17.393 [main] INFO org.springframework.boot.test.context.SpringBootTestContextBootstrapper -- Found @SpringBootConfiguration com.fittracker.gateway.GatewayApplication for test class com.fittracker.gateway.GatewayRouteTest

  .   ____          _            __ _ _
 /\\ / ___'_ __ _ _(_)_ __  __ _ \ \ \ \
( ( )\___ | '_ | '_| | '_ \/ _` | \ \ \ \
 \\/  ___)| |_)| | | | | || (_| |  ) ) ) )
  '  |____| .__|_| |_|_| |_\__, | / / / /
 =========|_|==============|___/=/_/_/_/

 :: Spring Boot ::                (v3.4.4)

2025-08-18T21:49:19.154+02:00  INFO 16928 --- [gateway] [           main] c.fittracker.gateway.GatewayRouteTest    : Starting GatewayRouteTest using Java 21.0.8 with PID 16928 (started by ewoud in C:\School\APT\APT-Fittracker\gateway)
2025-08-18T21:49:19.155+02:00  INFO 16928 --- [gateway] [           main] c.fittracker.gateway.GatewayRouteTest    : No active profile set, falling back to 1 default profile: "default"
2025-08-18T21:49:20.054+02:00  INFO 16928 --- [gateway] [           main] o.s.cloud.context.scope.GenericScope     : BeanFactory id=b3d7f0fa-1a3e-3364-b859-950330e98fc3
2025-08-18T21:49:20.784+02:00  INFO 16928 --- [gateway] [           main] o.s.c.g.r.RouteDefinitionRouteLocator    : Loaded RoutePredicateFactory [After]
2025-08-18T21:49:20.784+02:00  INFO 16928 --- [gateway] [           main] o.s.c.g.r.RouteDefinitionRouteLocator    : Loaded RoutePredicateFactory [Before]
2025-08-18T21:49:20.784+02:00  INFO 16928 --- [gateway] [           main] o.s.c.g.r.RouteDefinitionRouteLocator    : Loaded RoutePredicateFactory [Between]
2025-08-18T21:49:20.784+02:00  INFO 16928 --- [gateway] [           main] o.s.c.g.r.RouteDefinitionRouteLocator    : Loaded RoutePredicateFactory [Cookie]
2025-08-18T21:49:20.784+02:00  INFO 16928 --- [gateway] [           main] o.s.c.g.r.RouteDefinitionRouteLocator    : Loaded RoutePredicateFactory [Header]
2025-08-18T21:49:20.784+02:00  INFO 16928 --- [gateway] [           main] o.s.c.g.r.RouteDefinitionRouteLocator    : Loaded RoutePredicateFactory [Host]
2025-08-18T21:49:20.784+02:00  INFO 16928 --- [gateway] [           main] o.s.c.g.r.RouteDefinitionRouteLocator    : Loaded RoutePredicateFactory [Method]
2025-08-18T21:49:20.784+02:00  INFO 16928 --- [gateway] [           main] o.s.c.g.r.RouteDefinitionRouteLocator    : Loaded RoutePredicateFactory [Path]
2025-08-18T21:49:20.784+02:00  INFO 16928 --- [gateway] [           main] o.s.c.g.r.RouteDefinitionRouteLocator    : Loaded RoutePredicateFactory [Query]
2025-08-18T21:49:20.784+02:00  INFO 16928 --- [gateway] [           main] o.s.c.g.r.RouteDefinitionRouteLocator    : Loaded RoutePredicateFactory [ReadBody]
2025-08-18T21:49:20.784+02:00  INFO 16928 --- [gateway] [           main] o.s.c.g.r.RouteDefinitionRouteLocator    : Loaded RoutePredicateFactory [RemoteAddr]
2025-08-18T21:49:20.785+02:00  INFO 16928 --- [gateway] [           main] o.s.c.g.r.RouteDefinitionRouteLocator    : Loaded RoutePredicateFactory [XForwardedRemoteAddr]
2025-08-18T21:49:20.785+02:00  INFO 16928 --- [gateway] [           main] o.s.c.g.r.RouteDefinitionRouteLocator    : Loaded RoutePredicateFactory [Weight]
2025-08-18T21:49:20.785+02:00  INFO 16928 --- [gateway] [           main] o.s.c.g.r.RouteDefinitionRouteLocator    : Loaded RoutePredicateFactory [CloudFoundryRouteService]
2025-08-18T21:49:21.052+02:00  INFO 16928 --- [gateway] [           main] o.s.b.a.e.web.EndpointLinksResolver      : Exposing 1 endpoint beneath base path '/actuator'
2025-08-18T21:49:21.441+02:00  INFO 16928 --- [gateway] [           main] o.s.b.web.embedded.netty.NettyWebServer  : Netty started on port 54119 (http)
2025-08-18T21:49:21.523+02:00  INFO 16928 --- [gateway] [           main] c.fittracker.gateway.GatewayRouteTest    : Started GatewayRouteTest in 2.698 seconds (process running for 4.99)
]]></system-out>
    <system-err><![CDATA[Mockito is currently self-attaching to enable the inline-mock-maker. This will no longer work in future releases of the JDK. Please add Mockito as an agent to your build what is described in Mockito's documentation: https://javadoc.io/doc/org.mockito/mockito-core/latest/org/mockito/Mockito.html#0.3
]]></system-err>
  </testcase>
  <testcase name="forwardsProgressPut" classname="com.fittracker.gateway.GatewayRouteTest" time="0.181"/>
  <testcase name="forwardsWorkoutsPost_andPreservesStatus" classname="com.fittracker.gateway.GatewayRouteTest" time="0.034"/>
  <testcase name="forwardsUsersGet_withStripPrefix" classname="com.fittracker.gateway.GatewayRouteTest" time="0.011"/>
</testsuite>